{
  "0 debug pnpm:scope": {
    "selected": 1
  },
  "1 error pnpm": {
    "code": "ELIFECYCLE",
    "errno": "ENOENT",
    "syscall": "spawn",
    "file": "sh",
    "pkgid": "linklist@1.0.0",
    "stage": "lint",
    "script": "eslint --fix 'src/**/*.js'",
    "pkgname": "linklist",
    "err": {
      "name": "pnpm",
      "message": "linklist@1.0.0 lint: `eslint --fix 'src/**/*.js'`\nspawn ENOENT",
      "code": "ELIFECYCLE",
      "stack": "pnpm: linklist@1.0.0 lint: `eslint --fix 'src/**/*.js'`\nspawn ENOENT\n    at ChildProcess.<anonymous> (/Users/liyi/.nvm/versions/node/v14.18.0/lib/node_modules/pnpm/dist/pnpm.cjs:92204:22)\n    at ChildProcess.emit (events.js:400:28)\n    at maybeClose (internal/child_process.js:1058:16)\n    at Process.ChildProcess._handle.onexit (internal/child_process.js:293:5)"
    }
  }
}